android/app/build/intermediates/manifest_merge_blame_file/release/processReleaseMainManifest/manifest-merger-blame-release-report.txt
1<?xml version="1.0" encoding="utf-8"?>
2<manifest xmlns:android="http://schemas.android.com/apk/res/android"
3    package="com.example.aqualoop"
4    android:versionCode="1"
5    android:versionName="1.0" >
6
7    <uses-sdk
8        android:minSdkVersion="24"
9        android:targetSdkVersion="36" />
10
11    <permission
11-->[androidx.core:core:1.18.0] AndroidManifest.xml:22:5-24:47
12        android:name="com.example.aqualoop.DYNAMIC_RECEIVER_NOT_EXPORTED_PERMISSION"
12-->[androidx.core:core:1.18.0] AndroidManifest.xml:23:9-81
13        android:protectionLevel="signature" />
13-->[androidx.core:core:1.18.0] AndroidManifest.xml:24:9-44
14
15    <uses-permission android:name="com.example.aqualoop.DYNAMIC_RECEIVER_NOT_EXPORTED_PERMISSION" />
15-->[androidx.core:core:1.18.0] AndroidManifest.xml:26:5-97
15-->[androidx.core:core:1.18.0] AndroidManifest.xml:26:22-94
16
17    <application
17-->src/main/AndroidManifest.xml:4:5-20:19
18        android:allowBackup="true"
18-->src/main/AndroidManifest.xml:5:9-35
19        android:appComponentFactory="androidx.core.app.CoreComponentFactory"
19-->[androidx.core:core:1.18.0] AndroidManifest.xml:28:18-86
20        android:extractNativeLibs="false"
21        android:icon="@mipmap/ic_launcher"
21-->src/main/AndroidManifest.xml:6:9-43
22        android:label="@string/app_name"
22-->src/main/AndroidManifest.xml:7:9-41
23        android:roundIcon="@mipmap/ic_launcher_round"
23-->src/main/AndroidManifest.xml:8:9-54
24        android:supportsRtl="true"
24-->src/main/AndroidManifest.xml:9:9-35
25        android:theme="@style/Theme.AquaLoop"
25-->src/main/AndroidManifest.xml:11:9-46
26        android:windowSoftInputMode="adjustResize" >
26-->src/main/AndroidManifest.xml:10:9-51
27        <activity
27-->src/main/AndroidManifest.xml:12:9-19:20
28            android:name="com.example.aqualoop.MainActivity"
28-->src/main/AndroidManifest.xml:13:13-41
29            android:exported="true" >
29-->src/main/AndroidManifest.xml:14:13-36
30            <intent-filter>
30-->src/main/AndroidManifest.xml:15:13-18:29
31                <action android:name="android.intent.action.MAIN" />
31-->src/main/AndroidManifest.xml:16:17-69
31-->src/main/AndroidManifest.xml:16:25-66
32
33                <category android:name="android.intent.category.LAUNCHER" />
33-->src/main/AndroidManifest.xml:17:17-77
33-->src/main/AndroidManifest.xml:17:27-74
34            </intent-filter>
35        </activity>
36
37        <uses-library
37-->[androidx.window:window:1.5.0] AndroidManifest.xml:23:9-25:40
38            android:name="androidx.window.extensions"
38-->[androidx.window:window:1.5.0] AndroidManifest.xml:24:13-54
39            android:required="false" />
39-->[androidx.window:window:1.5.0] AndroidManifest.xml:25:13-37
40        <uses-library
40-->[androidx.window:window:1.5.0] AndroidManifest.xml:26:9-28:40
41            android:name="androidx.window.sidecar"
41-->[androidx.window:window:1.5.0] AndroidManifest.xml:27:13-51
42            android:required="false" />
42-->[androidx.window:window:1.5.0] AndroidManifest.xml:28:13-37
43
44        <provider
44-->[androidx.emoji2:emoji2:1.4.0] AndroidManifest.xml:24:9-32:20
45            android:name="androidx.startup.InitializationProvider"
45-->[androidx.emoji2:emoji2:1.4.0] AndroidManifest.xml:25:13-67
46            android:authorities="com.example.aqualoop.androidx-startup"
46-->[androidx.emoji2:emoji2:1.4.0] AndroidManifest.xml:26:13-68
47            android:exported="false" >
47-->[androidx.emoji2:emoji2:1.4.0] AndroidManifest.xml:27:13-37
48            <meta-data
48-->[androidx.emoji2:emoji2:1.4.0] AndroidManifest.xml:29:13-31:52
49                android:name="androidx.emoji2.text.EmojiCompatInitializer"
49-->[androidx.emoji2:emoji2:1.4.0] AndroidManifest.xml:30:17-75
50                android:value="androidx.startup" />
50-->[androidx.emoji2:emoji2:1.4.0] AndroidManifest.xml:31:17-49
51            <meta-data
51-->[androidx.lifecycle:lifecycle-process:2.10.0] AndroidManifest.xml:29:13-31:52
52                android:name="androidx.lifecycle.ProcessLifecycleInitializer"
52-->[androidx.lifecycle:lifecycle-process:2.10.0] AndroidManifest.xml:30:17-78
53                android:value="androidx.startup" />
53-->[androidx.lifecycle:lifecycle-process:2.10.0] AndroidManifest.xml:31:17-49
54            <meta-data
54-->[androidx.profileinstaller:profileinstaller:1.4.0] AndroidManifest.xml:29:13-31:52
55                android:name="androidx.profileinstaller.ProfileInstallerInitializer"
55-->[androidx.profileinstaller:profileinstaller:1.4.0] AndroidManifest.xml:30:17-85
56                android:value="androidx.startup" />
56-->[androidx.profileinstaller:profileinstaller:1.4.0] AndroidManifest.xml:31:17-49
57        </provider>
58
59        <receiver
59-->[androidx.profileinstaller:profileinstaller:1.4.0] AndroidManifest.xml:34:9-52:20
60            android:name="androidx.profileinstaller.ProfileInstallReceiver"
60-->[androidx.profileinstaller:profileinstaller:1.4.0] AndroidManifest.xml:35:13-76
61            android:directBootAware="false"
61-->[androidx.profileinstaller:profileinstaller:1.4.0] AndroidManifest.xml:36:13-44
62            android:enabled="true"
62-->[androidx.profileinstaller:profileinstaller:1.4.0] AndroidManifest.xml:37:13-35
63            android:exported="true"
63-->[androidx.profileinstaller:profileinstaller:1.4.0] AndroidManifest.xml:38:13-36
64            android:permission="android.permission.DUMP" >
64-->[androidx.profileinstaller:profileinstaller:1.4.0] AndroidManifest.xml:39:13-57
65            <intent-filter>
65-->[androidx.profileinstaller:profileinstaller:1.4.0] AndroidManifest.xml:40:13-42:29
66                <action android:name="androidx.profileinstaller.action.INSTALL_PROFILE" />
66-->[androidx.profileinstaller:profileinstaller:1.4.0] AndroidManifest.xml:41:17-91
66-->[androidx.profileinstaller:profileinstaller:1.4.0] AndroidManifest.xml:41:25-88
67            </intent-filter>
68            <intent-filter>
68-->[androidx.profileinstaller:profileinstaller:1.4.0] AndroidManifest.xml:43:13-45:29
69                <action android:name="androidx.profileinstaller.action.SKIP_FILE" />
69-->[androidx.profileinstaller:profileinstaller:1.4.0] AndroidManifest.xml:44:17-85
69-->[androidx.profileinstaller:profileinstaller:1.4.0] AndroidManifest.xml:44:25-82
70            </intent-filter>
71            <intent-filter>
71-->[androidx.profileinstaller:profileinstaller:1.4.0] AndroidManifest.xml:46:13-48:29
72                <action android:name="androidx.profileinstaller.action.SAVE_PROFILE" />
72-->[androidx.profileinstaller:profileinstaller:1.4.0] AndroidManifest.xml:47:17-88
72-->[androidx.profileinstaller:profileinstaller:1.4.0] AndroidManifest.xml:47:25-85
73            </intent-filter>
74            <intent-filter>
74-->[androidx.profileinstaller:profileinstaller:1.4.0] AndroidManifest.xml:49:13-51:29
75                <action android:name="androidx.profileinstaller.action.BENCHMARK_OPERATION" />
75-->[androidx.profileinstaller:profileinstaller:1.4.0] AndroidManifest.xml:50:17-95
75-->[androidx.profileinstaller:profileinstaller:1.4.0] AndroidManifest.xml:50:25-92
76            </intent-filter>
77        </receiver>
78    </application>
79
80</manifest>